{
  "0 debug pnpm:scope": {
    "selected": 1
  },
  "1 error pnpm": {
    "code": "ELIFECYCLE",
    "errno": "ENOENT",
    "syscall": "spawn",
    "file": "sh",
    "pkgid": "rnxkittest@0.0.1",
    "stage": "start",
    "script": "react-native start",
    "pkgname": "rnxkittest",
    "err": {
      "name": "pnpm",
      "message": "rnxkittest@0.0.1 start: `react-native start`\nspawn ENOENT",
      "code": "ELIFECYCLE",
      "stack": "pnpm: rnxkittest@0.0.1 start: `react-native start`\nspawn ENOENT\n    at ChildProcess.<anonymous> (/Users/james/1password-toolchain-macos/lib/node_modules/pnpm/dist/pnpm.cjs:92254:22)\n    at ChildProcess.emit (node:events:520:28)\n    at maybeClose (node:internal/child_process:1092:16)\n    at Process.ChildProcess._handle.onexit (node:internal/child_process:302:5)"
    }
  },
  "2 warn pnpm:global": " Local package.json exists, but node_modules missing, did you mean to install?"
}